<?xml version="1.0" encoding="UTF-8"?>
<robot rpa="false" generated="20210606 09:49:14.133" generator="Robot 3.2.1 (Python 2.7.17 on linux2)">
<suite source="/home/hala-samir/eclipse-workspace/firstRobotProject/test/suit1.robot" id="s1" name="Suit1">
<kw type="setup" name="Log" library="BuiltIn">
<doc>Logs the given message with the given level.</doc>
<arguments>
<arg>Settttup</arg>
</arguments>
<msg timestamp="20210606 09:49:14.308" level="INFO">Settttup</msg>
<status status="PASS" endtime="20210606 09:49:14.309" starttime="20210606 09:49:14.308"></status>
</kw>
<test id="s1-t1" name="MyFristTest">
<kw type="setup" name="Log" library="BuiltIn">
<doc>Logs the given message with the given level.</doc>
<arguments>
<arg>TestttSetup</arg>
</arguments>
<msg timestamp="20210606 09:49:14.310" level="INFO">TestttSetup</msg>
<status status="PASS" endtime="20210606 09:49:14.310" starttime="20210606 09:49:14.310"></status>
</kw>
<kw name="Log" library="BuiltIn">
<doc>Logs the given message with the given level.</doc>
<arguments>
<arg>testOne</arg>
</arguments>
<msg timestamp="20210606 09:49:14.310" level="INFO">testOne</msg>
<status status="PASS" endtime="20210606 09:49:14.310" starttime="20210606 09:49:14.310"></status>
</kw>
<kw type="teardown" name="Log" library="BuiltIn">
<doc>Logs the given message with the given level.</doc>
<arguments>
<arg>TestTTTeardown</arg>
</arguments>
<msg timestamp="20210606 09:49:14.311" level="INFO">TestTTTeardown</msg>
<status status="PASS" endtime="20210606 09:49:14.311" starttime="20210606 09:49:14.311"></status>
</kw>
<tags>
<tag>smoke</tag>
</tags>
<status status="PASS" endtime="20210606 09:49:14.311" critical="yes" starttime="20210606 09:49:14.309"></status>
</test>
<test id="s1-t2" name="MySecondTest">
<kw type="setup" name="Log" library="BuiltIn">
<doc>Logs the given message with the given level.</doc>
<arguments>
<arg>TestttSetup</arg>
</arguments>
<msg timestamp="20210606 09:49:14.314" level="INFO">TestttSetup</msg>
<status status="PASS" endtime="20210606 09:49:14.314" starttime="20210606 09:49:14.313"></status>
</kw>
<kw name="Log" library="BuiltIn">
<doc>Logs the given message with the given level.</doc>
<arguments>
<arg>testTwo</arg>
</arguments>
<msg timestamp="20210606 09:49:14.315" level="INFO">testTwo</msg>
<status status="PASS" endtime="20210606 09:49:14.315" starttime="20210606 09:49:14.315"></status>
</kw>
<kw name="Set Tags" library="BuiltIn">
<doc>Adds given ``tags`` for the current test or all tests in a suite.</doc>
<arguments>
<arg>regression1</arg>
</arguments>
<msg timestamp="20210606 09:49:14.316" level="INFO">Set tag 'regression1'.</msg>
<status status="PASS" endtime="20210606 09:49:14.316" starttime="20210606 09:49:14.316"></status>
</kw>
<kw name="Remove Tags" library="BuiltIn">
<doc>Removes given ``tags`` from the current test or all tests in a suite.</doc>
<arguments>
<arg>regression1</arg>
</arguments>
<msg timestamp="20210606 09:49:14.317" level="INFO">Removed tag 'regression1'.</msg>
<status status="PASS" endtime="20210606 09:49:14.317" starttime="20210606 09:49:14.316"></status>
</kw>
<kw type="teardown" name="Log" library="BuiltIn">
<doc>Logs the given message with the given level.</doc>
<arguments>
<arg>TestTTTeardown</arg>
</arguments>
<msg timestamp="20210606 09:49:14.319" level="INFO">TestTTTeardown</msg>
<status status="PASS" endtime="20210606 09:49:14.319" starttime="20210606 09:49:14.318"></status>
</kw>
<tags>
<tag>santiy</tag>
</tags>
<status status="PASS" endtime="20210606 09:49:14.319" critical="yes" starttime="20210606 09:49:14.312"></status>
</test>
<test id="s1-t3" name="SeleniumTest">
<kw type="setup" name="Log" library="BuiltIn">
<doc>Logs the given message with the given level.</doc>
<arguments>
<arg>TestttSetup</arg>
</arguments>
<msg timestamp="20210606 09:49:14.321" level="INFO">TestttSetup</msg>
<status status="PASS" endtime="20210606 09:49:14.322" starttime="20210606 09:49:14.321"></status>
</kw>
<kw name="Open Browser" library="SeleniumLibrary">
<doc>Opens a new browser instance to the optional ``url``.</doc>
<arguments>
<arg>${URL}</arg>
<arg>chrome</arg>
</arguments>
<msg timestamp="20210606 09:49:14.322" level="INFO">Opening browser 'chrome' to base url 'https://opensource-demo.orangehrmlive.com/'.</msg>
<status status="PASS" endtime="20210606 09:49:17.873" starttime="20210606 09:49:14.322"></status>
</kw>
<kw name="Set Browser Implicit Wait" library="SeleniumLibrary">
<doc>Sets the implicit wait value used by Selenium.</doc>
<arguments>
<arg>2</arg>
</arguments>
<status status="PASS" endtime="20210606 09:49:17.877" starttime="20210606 09:49:17.873"></status>
</kw>
<kw name="LoginSteps">
<kw name="Input Text" library="SeleniumLibrary">
<doc>Types the given ``text`` into the text field identified by ``locator``.</doc>
<arguments>
<arg>id=txtUsername</arg>
<arg>@{credentials}[0]</arg>
</arguments>
<msg timestamp="20210606 09:49:17.880" level="WARN">Accessing variable items using '@{credentials}[0]' syntax is deprecated. Use '${credentials}[0]' instead.</msg>
<msg timestamp="20210606 09:49:17.880" level="INFO">Typing text 'Admin' into text field 'id=txtUsername'.</msg>
<kw name="Capture Page Screenshot" library="SeleniumLibrary">
<doc>Takes a screenshot of the current page and embeds it into a log file.</doc>
<msg timestamp="20210606 09:49:17.913" level="FAIL">NoSuchWindowException: Message: no such window: target window already closed
from unknown error: web view not found
  (Session info: chrome=90.0.4430.85)
  (Driver info: chromedriver=2.41.578700 (2f1ed5f9343c13f73144538f15c00b370eda6706),platform=Linux 4.15.0-142-generic x86_64)
</msg>
<status status="FAIL" endtime="20210606 09:49:17.913" starttime="20210606 09:49:17.886"></status>
</kw>
<msg timestamp="20210606 09:49:17.913" level="WARN">Keyword 'Capture Page Screenshot' could not be run on failure: NoSuchWindowException: Message: no such window: target window already closed
from unknown error: web view not found
  (Session info: chrome=90.0.4430.85)
  (Driver info: chromedriver=2.41.578700 (2f1ed5f9343c13f73144538f15c00b370eda6706),platform=Linux 4.15.0-142-generic x86_64)
</msg>
<msg timestamp="20210606 09:49:17.916" level="FAIL">NoSuchWindowException: Message: no such window: target window already closed
from unknown error: web view not found
  (Session info: chrome=90.0.4430.85)
  (Driver info: chromedriver=2.41.578700 (2f1ed5f9343c13f73144538f15c00b370eda6706),platform=Linux 4.15.0-142-generic x86_64)
</msg>
<status status="FAIL" endtime="20210606 09:49:17.916" starttime="20210606 09:49:17.879"></status>
</kw>
<status status="FAIL" endtime="20210606 09:49:17.917" starttime="20210606 09:49:17.878"></status>
</kw>
<kw type="teardown" name="Log" library="BuiltIn">
<doc>Logs the given message with the given level.</doc>
<arguments>
<arg>TestTTTeardown</arg>
</arguments>
<msg timestamp="20210606 09:49:17.918" level="INFO">TestTTTeardown</msg>
<status status="PASS" endtime="20210606 09:49:17.918" starttime="20210606 09:49:17.918"></status>
</kw>
<tags>
<tag>santiy</tag>
</tags>
<status status="FAIL" endtime="20210606 09:49:17.918" critical="yes" starttime="20210606 09:49:14.320">NoSuchWindowException: Message: no such window: target window already closed
from unknown error: web view not found
  (Session info: chrome=90.0.4430.85)
  (Driver info: chromedriver=2.41.578700 (2f1ed5f9343c13f73144538f15c00b370eda6706),platform=Linux 4.15.0-142-generic x86_64)
</status>
</test>
<kw type="teardown" name="Log" library="BuiltIn">
<doc>Logs the given message with the given level.</doc>
<arguments>
<arg>tearDDDDown</arg>
</arguments>
<msg timestamp="20210606 09:49:17.921" level="INFO">tearDDDDown</msg>
<status status="PASS" endtime="20210606 09:49:17.921" starttime="20210606 09:49:17.921"></status>
</kw>
<status status="FAIL" endtime="20210606 09:49:17.921" starttime="20210606 09:49:14.135"></status>
</suite>
<statistics>
<total>
<stat fail="1" pass="2">Critical Tests</stat>
<stat fail="1" pass="2">All Tests</stat>
</total>
<tag>
<stat fail="1" pass="1">santiy</stat>
<stat fail="0" pass="1">smoke</stat>
</tag>
<suite>
<stat fail="1" id="s1" name="Suit1" pass="2">Suit1</stat>
</suite>
</statistics>
<errors>
<msg timestamp="20210606 09:49:17.880" level="WARN">Accessing variable items using '@{credentials}[0]' syntax is deprecated. Use '${credentials}[0]' instead.</msg>
<msg timestamp="20210606 09:49:17.913" level="WARN">Keyword 'Capture Page Screenshot' could not be run on failure: NoSuchWindowException: Message: no such window: target window already closed
from unknown error: web view not found
  (Session info: chrome=90.0.4430.85)
  (Driver info: chromedriver=2.41.578700 (2f1ed5f9343c13f73144538f15c00b370eda6706),platform=Linux 4.15.0-142-generic x86_64)
</msg>
</errors>
</robot>
